<?xml version="1.0" encoding="UTF-8"?>
<!-- Generated by org.testng.reporters.JUnitReportReporter -->
<testsuite skipped="0" hostname="DESKTOP-EKAFRO4" name="Automation.Test.RegisterTest" tests="1" failures="0" timestamp="2023-01-03T16:54:36 IST" time="6.879" errors="0">
  <testcase name="registerdata" time="6.879" classname="Automation.Test.RegisterTest"/>
  <system-out/>
</testsuite> <!-- Automation.Test.RegisterTest -->
